#
# There is insufficient memory for the Java Runtime Environment to continue.
# Native memory allocation (mmap) failed to map 132120576 bytes for G1 virtual space
# Possible reasons:
#   The system is out of physical RAM or swap space
#   The process is running with CompressedOops enabled, and the Java Heap may be blocking the growth of the native heap
# Possible solutions:
#   Reduce memory load on the system
#   Increase physical memory or swap space
#   Check if swap backing store is full
#   Decrease Java heap size (-Xmx/-Xms)
#   Decrease number of Java threads
#   Decrease Java thread stack sizes (-Xss)
#   Set larger code cache with -XX:ReservedCodeCacheSize=
#   JVM is running with Unscaled Compressed Oops mode in which the Java heap is
#     placed in the first 4GB address space. The Java Heap base address is the
#     maximum limit for the native heap growth. Please use -XX:HeapBaseMinAddress
#     to set the Java Heap base and to place the Java Heap above 4GB virtual address.
# This output file may be truncated or incomplete.
#
#  Out of Memory Error (os_windows.cpp:3469), pid=1844, tid=8904
#
# JRE version:  (17.0.1+12) (build )
# Java VM: Java HotSpot(TM) 64-Bit Server VM (17.0.1+12-LTS-39, mixed mode, sharing, tiered, compressed oops, compressed class ptrs, g1 gc, windows-amd64)
# No core dump will be written. Minidumps are not enabled by default on client versions of Windows
#

---------------  S U M M A R Y ------------

Command Line: -XX:+ShowCodeDetailsInExceptionMessages bank_managment_system.SignUp2

Host: Intel(R) Core(TM) i5-9300H CPU @ 2.40GHz, 8 cores, 7G,  Windows 10 , 64 bit Build 22621 (10.0.22621.963)
Time: Tue Jan 10 10:59:52 2023 India Standard Time elapsed time: 0.016864 seconds (0d 0h 0m 0s)

---------------  T H R E A D  ---------------

Current thread (0x000002454291c6b0):  JavaThread "Unknown thread" [_thread_in_vm, id=8904, stack(0x0000007e34000000,0x0000007e34100000)]

Stack: [0x0000007e34000000,0x0000007e34100000]
Native frames: (J=compiled Java code, j=interpreted, Vv=VM code, C=native code)
V  [jvm.dll+0x66fa1a]
V  [jvm.dll+0x7ce5a4]
V  [jvm.dll+0x7cfd4e]
V  [jvm.dll+0x7d03b3]
V  [jvm.dll+0x242b05]
V  [jvm.dll+0x66ca39]
V  [jvm.dll+0x661502]
V  [jvm.dll+0x30081b]
V  [jvm.dll+0x307da6]
V  [jvm.dll+0x357a1e]
V  [jvm.dll+0x357c4f]
V  [jvm.dll+0x2d7ad8]
V  [jvm.dll+0x2d8a44]
V  [jvm.dll+0x7a01e1]
V  [jvm.dll+0x365791]
V  [jvm.dll+0x77f6cc]
V  [jvm.dll+0x3e812f]
V  [jvm.dll+0x3e9bd1]
C  [jli.dll+0x527b]
C  [ucrtbase.dll+0x29363]
C  [KERNEL32.DLL+0x126bd]
C  [ntdll.dll+0x5dfb8]


---------------  P R O C E S S  ---------------

Threads class SMR info:
_java_thread_list=0x00007ff9e6e67818, length=0, elements={
}

Java Threads: ( => current thread )

Other Threads:
  0x0000024542959b20 GCTaskThread "GC Thread#0" [stack: 0x0000007e34100000,0x0000007e34200000] [id=26776]
  0x000002454296b6d0 ConcurrentGCThread "G1 Main Marker" [stack: 0x0000007e34200000,0x0000007e34300000] [id=25732]
  0x000002454296e740 ConcurrentGCThread "G1 Conc#0" [stack: 0x0000007e34300000,0x0000007e34400000] [id=8384]

[error occurred during error reporting (printing all threads), id 0xc0000005, EXCEPTION_ACCESS_VIOLATION (0xc0000005) at pc=0x00007ff9e66b84b7]

VM state: not at safepoint (not fully initialized)

VM Mutex/Monitor currently owned by a thread:  ([mutex/lock_event])
[0x00000245429167e0] Heap_lock - owner thread: 0x000002454291c6b0

Heap address: 0x0000000082800000, size: 2008 MB, Compressed Oops mode: 32-bit

CDS archive(s) mapped at: [0x0000000000000000-0x0000000000000000-0x0000000000000000), size 0, SharedBaseAddress: 0x0000000800000000, ArchiveRelocationMode: 0.
Narrow klass base: 0x0000000000000000, Narrow klass shift: 0, Narrow klass range: 0x0

GC Precious Log:
<Empty>

Heap:
 garbage-first heap   total 0K, used 0K [0x0000000082800000, 0x0000000100000000)
  region size 1024K, 0 young (0K), 0 survivors (0K)

[error occurred during error reporting (printing heap information), id 0xc0000005, EXCEPTION_ACCESS_VIOLATION (0xc0000005) at pc=0x00007ff9e6a98d89]

GC Heap History (0 events):
No events

Deoptimization events (0 events):
No events

Classes unloaded (0 events):
No events

Classes redefined (0 events):
No events

Internal exceptions (0 events):
No events

VM Operations (0 events):
No events

Events (1 events):
Event: 0.009 Loaded shared library C:\Program Files\Java\jdk-17.0.1\bin\java.dll


Dynamic libraries:
0x00007ff66e970000 - 0x00007ff66e980000 	C:\Program Files\Java\jdk-17.0.1\bin\java.exe
0x00007ffa3f4b0000 - 0x00007ffa3f6c4000 	C:\WINDOWS\SYSTEM32\ntdll.dll
0x00007ffa3d300000 - 0x00007ffa3d3c3000 	C:\WINDOWS\System32\KERNEL32.DLL
0x00007ffa3cdb0000 - 0x00007ffa3d14d000 	C:\WINDOWS\System32\KERNELBASE.dll
0x00007ffa3cb70000 - 0x00007ffa3cc81000 	C:\WINDOWS\System32\ucrtbase.dll
0x00007ffa20f30000 - 0x00007ffa20f4a000 	C:\Program Files\Java\jdk-17.0.1\bin\VCRUNTIME140.dll
0x00007ffa20fa0000 - 0x00007ffa20fb8000 	C:\Program Files\Java\jdk-17.0.1\bin\jli.dll
0x00007ffa3f2e0000 - 0x00007ffa3f38e000 	C:\WINDOWS\System32\ADVAPI32.dll
0x00007ffa3ef90000 - 0x00007ffa3f037000 	C:\WINDOWS\System32\msvcrt.dll
0x00007ffa3de50000 - 0x00007ffa3def4000 	C:\WINDOWS\System32\sechost.dll
0x00007ffa3f1c0000 - 0x00007ffa3f2d5000 	C:\WINDOWS\System32\RPCRT4.dll
0x00007ffa3e8d0000 - 0x00007ffa3ea7d000 	C:\WINDOWS\System32\USER32.dll
0x00007ffa24bd0000 - 0x00007ffa24e5e000 	C:\WINDOWS\WinSxS\amd64_microsoft.windows.common-controls_6595b64144ccf1df_6.0.22621.608_none_a9444ca7c10bb01d\COMCTL32.dll
0x00007ffa3d1d0000 - 0x00007ffa3d1f6000 	C:\WINDOWS\System32\win32u.dll
0x00007ffa3dbe0000 - 0x00007ffa3dc09000 	C:\WINDOWS\System32\GDI32.dll
0x00007ffa3cc90000 - 0x00007ffa3cda2000 	C:\WINDOWS\System32\gdi32full.dll
0x00007ffa3d200000 - 0x00007ffa3d29a000 	C:\WINDOWS\System32\msvcp_win.dll
0x00007ffa358c0000 - 0x00007ffa358ca000 	C:\WINDOWS\SYSTEM32\VERSION.dll
0x00007ffa3ef50000 - 0x00007ffa3ef82000 	C:\WINDOWS\System32\IMM32.DLL
0x00007ffa249c0000 - 0x00007ffa249cc000 	C:\Program Files\Java\jdk-17.0.1\bin\vcruntime140_1.dll
0x00007ffa09160000 - 0x00007ffa091ed000 	C:\Program Files\Java\jdk-17.0.1\bin\msvcp140.dll
0x00007ff9e63d0000 - 0x00007ff9e6f8e000 	C:\Program Files\Java\jdk-17.0.1\bin\server\jvm.dll
0x00007ffa3ee10000 - 0x00007ffa3ee18000 	C:\WINDOWS\System32\PSAPI.DLL
0x00007ffa26a90000 - 0x00007ffa26a99000 	C:\WINDOWS\SYSTEM32\WSOCK32.dll
0x00007ffa34be0000 - 0x00007ffa34c14000 	C:\WINDOWS\SYSTEM32\WINMM.dll
0x00007ffa3d6e0000 - 0x00007ffa3d751000 	C:\WINDOWS\System32\WS2_32.dll
0x00007ffa3b9a0000 - 0x00007ffa3b9b8000 	C:\WINDOWS\SYSTEM32\kernel.appcore.dll
0x00007ffa247e0000 - 0x00007ffa247ea000 	C:\Program Files\Java\jdk-17.0.1\bin\jimage.dll
0x00007ffa2ec40000 - 0x00007ffa2ee6e000 	C:\WINDOWS\SYSTEM32\DBGHELP.DLL
0x00007ffa3ea80000 - 0x00007ffa3ee0a000 	C:\WINDOWS\System32\combase.dll
0x00007ffa3dc10000 - 0x00007ffa3dce7000 	C:\WINDOWS\System32\OLEAUT32.dll
0x00007ffa2ec00000 - 0x00007ffa2ec32000 	C:\WINDOWS\SYSTEM32\dbgcore.DLL
0x00007ffa3d150000 - 0x00007ffa3d1cb000 	C:\WINDOWS\System32\bcryptPrimitives.dll
0x00007ffa1db80000 - 0x00007ffa1dba5000 	C:\Program Files\Java\jdk-17.0.1\bin\java.dll

dbghelp: loaded successfully - version: 4.0.5 - missing functions: none
symbol engine: initialized successfully - sym options: 0x614 - pdb path: .;C:\Program Files\Java\jdk-17.0.1\bin;C:\WINDOWS\SYSTEM32;C:\WINDOWS\WinSxS\amd64_microsoft.windows.common-controls_6595b64144ccf1df_6.0.22621.608_none_a9444ca7c10bb01d;C:\Program Files\Java\jdk-17.0.1\bin\server

VM Arguments:
jvm_args: -XX:+ShowCodeDetailsInExceptionMessages 
java_command: bank_managment_system.SignUp2
java_class_path (initial): E:\notes\java-projects\bank-management-system\bank_management\bin;e:\notes\java-projects\mysql-connector-java-8.0.28.jar;e:\notes\java-projects\jcalendar-tz-1.3.3-4.jar
Launcher Type: SUN_STANDARD

[Global flags]
     intx CICompilerCount                          = 4                                         {product} {ergonomic}
     uint ConcGCThreads                            = 2                                         {product} {ergonomic}
     uint G1ConcRefinementThreads                  = 8                                         {product} {ergonomic}
   size_t G1HeapRegionSize                         = 1048576                                   {product} {ergonomic}
    uintx GCDrainStackTargetSize                   = 64                                        {product} {ergonomic}
   size_t InitialHeapSize                          = 132120576                                 {product} {ergonomic}
   size_t MarkStackSize                            = 4194304                                   {product} {ergonomic}
   size_t MaxHeapSize                              = 2105540608                                {product} {ergonomic}
   size_t MinHeapDeltaBytes                        = 1048576                                   {product} {ergonomic}
   size_t MinHeapSize                              = 8388608                                   {product} {ergonomic}
    uintx NonNMethodCodeHeapSize                   = 5839372                                {pd product} {ergonomic}
    uintx NonProfiledCodeHeapSize                  = 122909434                              {pd product} {ergonomic}
    uintx ProfiledCodeHeapSize                     = 122909434                              {pd product} {ergonomic}
    uintx ReservedCodeCacheSize                    = 251658240                              {pd product} {ergonomic}
     bool SegmentedCodeCache                       = true                                      {product} {ergonomic}
     bool ShowCodeDetailsInExceptionMessages       = true                                   {manageable} {command line}
   size_t SoftMaxHeapSize                          = 2105540608                             {manageable} {ergonomic}
     bool UseCompressedClassPointers               = true                           {product lp64_product} {ergonomic}
     bool UseCompressedOops                        = true                           {product lp64_product} {ergonomic}
     bool UseG1GC                                  = true                                      {product} {ergonomic}
     bool UseLargePagesIndividualAllocation        = false                                  {pd product} {ergonomic}

Logging:
Log output configuration:
 #0: stdout all=warning uptime,level,tags
 #1: stderr all=off uptime,level,tags

Environment Variables:
PATH=C:\Program Files (x86)\Common Files\Intel\Shared Files\cpp\bin\Intel64;C:\Program Files\Common Files\Oracle\Java\javapath;C:\Program Files (x86)\Common Files\Intel\Shared Libraries\redist\intel64\compiler;C:\WINDOWS\system32;C:\WINDOWS;C:\WINDOWS\System32\Wbem;C:\WINDOWS\System32\WindowsPowerShell\v1.0\;C:\WINDOWS\System32\OpenSSH\;C:\Program Files (x86)\NVIDIA Corporation\PhysX\Common;C:\Program Files\NVIDIA Corporation\NVIDIA NvDLISR;C:\Program Files\Git\cmd;C:\WINDOWS\system32;C:\WINDOWS;C:\WINDOWS\System32\Wbem;C:\WINDOWS\System32\WindowsPowerShell\v1.0\;C:\WINDOWS\System32\OpenSSH\;C:\Program Files\MySQL\MySQL Shell 8.0\bin\;C:\Users\cubit\AppData\Local\Microsoft\WindowsApps;C:\Program Files\JetBrains\IntelliJ IDEA Community Edition 2021.3\bin;;C:\Program Files\Java\jdk-17.0.1\bin;C:\Users\cubit\AppData\Local\Programs\Microsoft VS Code\bin;
USERNAME=cubit
LANG=en_US.UTF-8
OS=Windows_NT
PROCESSOR_IDENTIFIER=Intel64 Family 6 Model 158 Stepping 13, GenuineIntel



---------------  S Y S T E M  ---------------

OS:
 Windows 10 , 64 bit Build 22621 (10.0.22621.963)
OS uptime: 17 days 18:51 hours

CPU: total 8 (initial active 8) (4 cores per cpu, 2 threads per core) family 6 model 158 stepping 13 microcode 0xde, cx8, cmov, fxsr, ht, mmx, 3dnowpref, sse, sse2, sse3, ssse3, sse4.1, sse4.2, popcnt, lzcnt, tsc, tscinvbit, avx, avx2, aes, erms, clmul, bmi1, bmi2, adx, fma, vzeroupper, clflush, clflushopt

Memory: 4k page, system-wide physical 8029M (299M free)
TotalPageFile size 25585M (AvailPageFile size 87M)
current process WorkingSet (physical memory assigned to process): 11M, peak: 11M
current process commit charge ("private bytes"): 60M, peak: 186M

vm_info: Java HotSpot(TM) 64-Bit Server VM (17.0.1+12-LTS-39) for windows-amd64 JRE (17.0.1+12-LTS-39), built on Sep 27 2021 18:41:35 by "mach5one" with MS VC++ 16.8 (VS2019)

END.
